--------------------------------------------------------------------------------
Release 14.7 Trace  (lin64)
Copyright (c) 1995-2013 Xilinx, Inc.  All rights reserved.

/opt/Xilinx/14.7/ISE_DS/ISE/bin/lin64/unwrapped/trce -intstyle ise -v 3 -s 3 -n
3 -fastpaths -xml mips.twx mips.ncd -o mips.twr mips.pcf

Design file:              mips.ncd
Physical constraint file: mips.pcf
Device,package,speed:     xc6slx9,csg324,C,-3 (PRODUCTION 1.23 2013-10-13)
Report level:             verbose report

Environment Variable      Effect 
--------------------      ------ 
NONE                      No environment variables were set
--------------------------------------------------------------------------------

INFO:Timing:3412 - To improve timing, see the Timing Closure User Guide (UG612).
INFO:Timing:2752 - To get complete path coverage, use the unconstrained paths 
   option. All paths that are not constrained will be reported in the 
   unconstrained paths section(s) of the report.
INFO:Timing:3339 - The clock-to-out numbers in this timing report are based on 
   a 50 Ohm transmission line loading model.  For the details of this model, 
   and for more information on accounting for different loading conditions, 
   please see the device datasheet.

================================================================================
Timing constraint: NET "clk50mhz_BUFGP/IBUFG" PERIOD = 10 ns HIGH 50%;
For more information, see Period Analysis in the Timing Closure User Guide (UG612).

 1 path analyzed, 1 endpoint analyzed, 0 failing endpoints
 0 timing errors detected. (0 setup errors, 0 hold errors, 0 component switching limit errors)
 Minimum period is   1.730ns.
--------------------------------------------------------------------------------

Paths for end point Inst_divisorCLK/tmp (SLICE_X13Y30.C5), 1 path
--------------------------------------------------------------------------------
Slack (setup path):     9.079ns (requirement - (data path - clock path skew + uncertainty))
  Source:               Inst_divisorCLK/tmp (FF)
  Destination:          Inst_divisorCLK/tmp (FF)
  Requirement:          10.000ns
  Data Path Delay:      0.886ns (Levels of Logic = 1)
  Clock Path Skew:      0.000ns
  Source Clock:         clk50mhz_BUFGP rising at 0.000ns
  Destination Clock:    clk50mhz_BUFGP rising at 10.000ns
  Clock Uncertainty:    0.035ns

  Clock Uncertainty:          0.035ns  ((TSJ^2 + TIJ^2)^1/2 + DJ) / 2 + PE
    Total System Jitter (TSJ):  0.070ns
    Total Input Jitter (TIJ):   0.000ns
    Discrete Jitter (DJ):       0.000ns
    Phase Error (PE):           0.000ns

  Maximum Data Path at Slow Process Corner: Inst_divisorCLK/tmp to Inst_divisorCLK/tmp
    Location             Delay type         Delay(ns)  Physical Resource
                                                       Logical Resource(s)
    -------------------------------------------------  -------------------
    SLICE_X13Y30.CQ      Tcko                  0.391   Inst_divisorCLK/tmp
                                                       Inst_divisorCLK/tmp
    SLICE_X13Y30.C5      net (fanout=2)        0.173   Inst_divisorCLK/tmp
    SLICE_X13Y30.CLK     Tas                   0.322   Inst_divisorCLK/tmp
                                                       Inst_divisorCLK/tmp_INV_48_o1_INV_0
                                                       Inst_divisorCLK/tmp
    -------------------------------------------------  ---------------------------
    Total                                      0.886ns (0.713ns logic, 0.173ns route)
                                                       (80.5% logic, 19.5% route)

--------------------------------------------------------------------------------

Hold Paths: NET "clk50mhz_BUFGP/IBUFG" PERIOD = 10 ns HIGH 50%;
--------------------------------------------------------------------------------

Paths for end point Inst_divisorCLK/tmp (SLICE_X13Y30.C5), 1 path
--------------------------------------------------------------------------------
Slack (hold path):      0.472ns (requirement - (clock path skew + uncertainty - data path))
  Source:               Inst_divisorCLK/tmp (FF)
  Destination:          Inst_divisorCLK/tmp (FF)
  Requirement:          0.000ns
  Data Path Delay:      0.472ns (Levels of Logic = 1)
  Clock Path Skew:      0.000ns
  Source Clock:         clk50mhz_BUFGP rising at 10.000ns
  Destination Clock:    clk50mhz_BUFGP rising at 10.000ns
  Clock Uncertainty:    0.000ns

  Minimum Data Path at Fast Process Corner: Inst_divisorCLK/tmp to Inst_divisorCLK/tmp
    Location             Delay type         Delay(ns)  Physical Resource
                                                       Logical Resource(s)
    -------------------------------------------------  -------------------
    SLICE_X13Y30.CQ      Tcko                  0.198   Inst_divisorCLK/tmp
                                                       Inst_divisorCLK/tmp
    SLICE_X13Y30.C5      net (fanout=2)        0.059   Inst_divisorCLK/tmp
    SLICE_X13Y30.CLK     Tah         (-Th)    -0.215   Inst_divisorCLK/tmp
                                                       Inst_divisorCLK/tmp_INV_48_o1_INV_0
                                                       Inst_divisorCLK/tmp
    -------------------------------------------------  ---------------------------
    Total                                      0.472ns (0.413ns logic, 0.059ns route)
                                                       (87.5% logic, 12.5% route)

--------------------------------------------------------------------------------

Component Switching Limit Checks: NET "clk50mhz_BUFGP/IBUFG" PERIOD = 10 ns HIGH 50%;
--------------------------------------------------------------------------------
Slack: 8.270ns (period - min period limit)
  Period: 10.000ns
  Min period limit: 1.730ns (578.035MHz) (Tbcper_I)
  Physical resource: clk50mhz_BUFGP/BUFG/I0
  Logical resource: clk50mhz_BUFGP/BUFG/I0
  Location pin: BUFGMUX_X3Y13.I0
  Clock network: clk50mhz_BUFGP/IBUFG
--------------------------------------------------------------------------------
Slack: 9.606ns (period - min period limit)
  Period: 10.000ns
  Min period limit: 0.394ns (2538.071MHz) (Tcp)
  Physical resource: Inst_divisorCLK/tmp/CLK
  Logical resource: Inst_divisorCLK/tmp/CK
  Location pin: SLICE_X13Y30.CLK
  Clock network: clk50mhz_BUFGP
--------------------------------------------------------------------------------


All constraints were met.


Data Sheet report:
-----------------
All values displayed in nanoseconds (ns)

Clock to Setup on destination clock clk50mhz
---------------+---------+---------+---------+---------+
               | Src:Rise| Src:Fall| Src:Rise| Src:Fall|
Source Clock   |Dest:Rise|Dest:Rise|Dest:Fall|Dest:Fall|
---------------+---------+---------+---------+---------+
clk50mhz       |    0.921|         |         |         |
---------------+---------+---------+---------+---------+


Timing summary:
---------------

Timing errors: 0  Score: 0  (Setup/Max: 0, Hold: 0)

Constraints cover 1 paths, 0 nets, and 3 connections

Design statistics:
   Minimum period:   1.730ns{1}   (Maximum frequency: 578.035MHz)


------------------------------------Footnotes-----------------------------------
1)  The minimum period statistic assumes all single cycle delays.

Analysis completed Wed Oct  5 15:58:47 2022 
--------------------------------------------------------------------------------

Trace Settings:
-------------------------
Trace Settings 

Peak Memory Usage: 399 MB



