Release 14.7 - xst P.20131013 (lin64)
Copyright (c) 1995-2013 Xilinx, Inc.  All rights reserved.
--> 
Parameter TMPDIR set to xst/projnav.tmp


Total REAL time to Xst completion: 1.00 secs
Total CPU time to Xst completion: 0.12 secs
 
--> 
Parameter xsthdpdir set to xst


Total REAL time to Xst completion: 1.00 secs
Total CPU time to Xst completion: 0.13 secs
 
--> 
Reading design: mips.prj

TABLE OF CONTENTS
  1) Synthesis Options Summary
  2) HDL Parsing
  3) HDL Elaboration
  4) HDL Synthesis
       4.1) HDL Synthesis Report
  5) Advanced HDL Synthesis
       5.1) Advanced HDL Synthesis Report
  6) Low Level Synthesis
  7) Partition Report
  8) Design Summary
       8.1) Primitive and Black Box Usage
       8.2) Device utilization summary
       8.3) Partition Resource Summary
       8.4) Timing Report
            8.4.1) Clock Information
            8.4.2) Asynchronous Control Signals Information
            8.4.3) Timing Summary
            8.4.4) Timing Details
            8.4.5) Cross Clock Domains Report


=========================================================================
*                      Synthesis Options Summary                        *
=========================================================================
---- Source Parameters
Input File Name                    : "mips.prj"
Ignore Synthesis Constraint File   : NO

---- Target Parameters
Output File Name                   : "mips"
Output Format                      : NGC
Target Device                      : xc6slx9-3-csg324

---- Source Options
Top Module Name                    : mips
Automatic FSM Extraction           : YES
FSM Encoding Algorithm             : Auto
Safe Implementation                : No
FSM Style                          : LUT
RAM Extraction                     : Yes
RAM Style                          : Auto
ROM Extraction                     : Yes
Shift Register Extraction          : YES
ROM Style                          : Auto
Resource Sharing                   : YES
Asynchronous To Synchronous        : NO
Shift Register Minimum Size        : 2
Use DSP Block                      : Auto
Automatic Register Balancing       : No

---- Target Options
LUT Combining                      : Auto
Reduce Control Sets                : Auto
Add IO Buffers                     : YES
Global Maximum Fanout              : 100000
Add Generic Clock Buffer(BUFG)     : 16
Register Duplication               : YES
Optimize Instantiated Primitives   : NO
Use Clock Enable                   : Auto
Use Synchronous Set                : Auto
Use Synchronous Reset              : Auto
Pack IO Registers into IOBs        : Auto
Equivalent register Removal        : YES

---- General Options
Optimization Goal                  : Speed
Optimization Effort                : 1
Power Reduction                    : NO
Keep Hierarchy                     : No
Netlist Hierarchy                  : As_Optimized
RTL Output                         : Yes
Global Optimization                : AllClockNets
Read Cores                         : YES
Write Timing Constraints           : NO
Cross Clock Analysis               : NO
Hierarchy Separator                : /
Bus Delimiter                      : <>
Case Specifier                     : Maintain
Slice Utilization Ratio            : 100
BRAM Utilization Ratio             : 100
DSP48 Utilization Ratio            : 100
Auto BRAM Packing                  : NO
Slice Utilization Ratio Delta      : 5

=========================================================================


=========================================================================
*                          HDL Parsing                                  *
=========================================================================
Parsing VHDL file "/home/maxi/Documentos/GitHub/BlockBreaker_SD2/VHDL_MIPS_VGA/vga_gen_imagen.vhd" into library work
Parsing entity <image_generator>.
Parsing architecture <Behavioral> of entity <image_generator>.
Parsing VHDL file "/home/maxi/Documentos/GitHub/BlockBreaker_SD2/VHDL_MIPS_VGA/vga_generador_vsync.vhd" into library work
Parsing entity <generador_vsync>.
Parsing architecture <comportamiento> of entity <generador_vsync>.
Parsing VHDL file "/home/maxi/Documentos/GitHub/BlockBreaker_SD2/VHDL_MIPS_VGA/vga_generador_hsync.vhd" into library work
Parsing entity <generador_hsync>.
Parsing architecture <comportamiento> of entity <generador_hsync>.
Parsing VHDL file "/home/maxi/Documentos/GitHub/BlockBreaker_SD2/VHDL_MIPS_VGA/vga_generador_blank.vhd" into library work
Parsing entity <generador_blank>.
Parsing architecture <Behavioral> of entity <generador_blank>.
Parsing VHDL file "/home/maxi/Documentos/GitHub/BlockBreaker_SD2/VHDL_MIPS_VGA/vga_cont_vert.vhd" into library work
Parsing entity <contador_vertical>.
Parsing architecture <comportamiento> of entity <contador_vertical>.
Parsing VHDL file "/home/maxi/Documentos/GitHub/BlockBreaker_SD2/VHDL_MIPS_VGA/vga_cont_horiz.vhd" into library work
Parsing entity <contador_horizontal>.
Parsing architecture <comportamiento> of entity <contador_horizontal>.
Parsing VHDL file "/home/maxi/Documentos/GitHub/BlockBreaker_SD2/VHDL_MIPS_VGA/general.vhd" into library work
Parsing package <general>.
Parsing package body <general>.
Parsing VHDL file "/home/maxi/Documentos/GitHub/BlockBreaker_SD2/VHDL_MIPS_VGA/vga_controlador.vhd" into library work
Parsing entity <vga_controlador>.
Parsing architecture <Behavioral> of entity <vga_controlador>.
Parsing VHDL file "/home/maxi/Documentos/GitHub/BlockBreaker_SD2/VHDL_MIPS_VGA/uart_tx.vhd" into library work
Parsing entity <uart_tx>.
Parsing architecture <Behavioral> of entity <uart_tx>.
Parsing VHDL file "/home/maxi/Documentos/GitHub/BlockBreaker_SD2/VHDL_MIPS_VGA/uart_rx.vhd" into library work
Parsing entity <uart_rx>.
Parsing architecture <Behavioral> of entity <uart_rx>.
Parsing VHDL file "/home/maxi/Documentos/GitHub/BlockBreaker_SD2/VHDL_MIPS_VGA/salida_par.vhd" into library work
Parsing entity <salida_par>.
Parsing architecture <Behavioral> of entity <salida_par>.
Parsing VHDL file "/home/maxi/Documentos/GitHub/BlockBreaker_SD2/VHDL_MIPS_VGA/md.vhd" into library work
Parsing entity <md>.
Parsing architecture <Behavioral> of entity <md>.
Parsing VHDL file "/home/maxi/Documentos/GitHub/BlockBreaker_SD2/VHDL_MIPS_VGA/entrada.vhd" into library work
Parsing entity <entrada>.
Parsing architecture <Behavioral> of entity <entrada>.
Parsing VHDL file "/home/maxi/Documentos/GitHub/BlockBreaker_SD2/VHDL_MIPS_VGA/decodificador.vhd" into library work
Parsing entity <decodificador>.
Parsing architecture <Behavioral> of entity <decodificador>.
Parsing VHDL file "/home/maxi/Documentos/GitHub/BlockBreaker_SD2/VHDL_MIPS_VGA/control_prog.vhd" into library work
Parsing entity <control_prog>.
Parsing architecture <Behavioral> of entity <control_prog>.
Parsing VHDL file "/home/maxi/Documentos/GitHub/BlockBreaker_SD2/VHDL_MIPS_VGA/barrel_shifter.vhd" into library work
Parsing entity <barrel_shifter>.
Parsing architecture <RTL> of entity <barrel_shifter>.
Parsing VHDL file "/home/maxi/Documentos/GitHub/BlockBreaker_SD2/VHDL_MIPS_VGA/alu_parcial.vhd" into library work
Parsing entity <alu_parcial>.
Parsing architecture <Behavioral> of entity <alu_parcial>.
Parsing VHDL file "/home/maxi/Documentos/GitHub/BlockBreaker_SD2/VHDL_MIPS_VGA/suma_4.vhd" into library work
Parsing entity <suma_4>.
Parsing architecture <Behavioral> of entity <suma_4>.
Parsing VHDL file "/home/maxi/Documentos/GitHub/BlockBreaker_SD2/VHDL_MIPS_VGA/sumador32.vhd" into library work
Parsing entity <sumador32>.
Parsing architecture <Behavioral> of entity <sumador32>.
Parsing VHDL file "/home/maxi/Documentos/GitHub/BlockBreaker_SD2/VHDL_MIPS_VGA/shift_left_j.vhd" into library work
Parsing entity <shift_left_j>.
Parsing architecture <Behavioral> of entity <shift_left_j>.
Parsing VHDL file "/home/maxi/Documentos/GitHub/BlockBreaker_SD2/VHDL_MIPS_VGA/shift_left16.vhd" into library work
Parsing entity <shift_left16>.
Parsing architecture <Behavioral> of entity <shift_left16>.
Parsing VHDL file "/home/maxi/Documentos/GitHub/BlockBreaker_SD2/VHDL_MIPS_VGA/shift_left.vhd" into library work
Parsing entity <shift_left>.
Parsing architecture <Behavioral> of entity <shift_left>.
Parsing VHDL file "/home/maxi/Documentos/GitHub/BlockBreaker_SD2/VHDL_MIPS_VGA/reg.vhd" into library work
Parsing entity <reg>.
Parsing architecture <Behavioral> of entity <reg>.
Parsing VHDL file "/home/maxi/Documentos/GitHub/BlockBreaker_SD2/VHDL_MIPS_VGA/prog.vhd" into library work
Parsing entity <prog>.
Parsing architecture <Behavioral> of entity <prog>.
Parsing VHDL file "/home/maxi/Documentos/GitHub/BlockBreaker_SD2/VHDL_MIPS_VGA/pc.vhd" into library work
Parsing entity <pc>.
Parsing architecture <Behavioral> of entity <pc>.
Parsing VHDL file "/home/maxi/Documentos/GitHub/BlockBreaker_SD2/VHDL_MIPS_VGA/mux5_4a1.vhd" into library work
Parsing entity <mux5_4a1>.
Parsing architecture <Behavioral> of entity <mux5_4a1>.
Parsing VHDL file "/home/maxi/Documentos/GitHub/BlockBreaker_SD2/VHDL_MIPS_VGA/mux32_4a1.vhd" into library work
Parsing entity <mux32_4a1>.
Parsing architecture <Behavioral> of entity <mux32_4a1>.
Parsing VHDL file "/home/maxi/Documentos/GitHub/BlockBreaker_SD2/VHDL_MIPS_VGA/mux32.vhd" into library work
Parsing entity <mux32>.
Parsing architecture <Behavioral> of entity <mux32>.
Parsing VHDL file "/home/maxi/Documentos/GitHub/BlockBreaker_SD2/VHDL_MIPS_VGA/mi.vhd" into library work
Parsing entity <mi>.
Parsing architecture <Behavioral> of entity <mi>.
Parsing VHDL file "/home/maxi/Documentos/GitHub/BlockBreaker_SD2/VHDL_MIPS_VGA/md_io.vhd" into library work
Parsing entity <md_io>.
Parsing architecture <Behavioral> of entity <md_io>.
Parsing VHDL file "/home/maxi/Documentos/GitHub/BlockBreaker_SD2/VHDL_MIPS_VGA/JR_detect.vhd" into library work
Parsing entity <JR_detect>.
Parsing architecture <Behavioral> of entity <jr_detect>.
Parsing VHDL file "/home/maxi/Documentos/GitHub/BlockBreaker_SD2/VHDL_MIPS_VGA/exten_signo_cero.vhd" into library work
Parsing entity <exten_signo_cero>.
Parsing architecture <Behavioral> of entity <exten_signo_cero>.
Parsing VHDL file "/home/maxi/Documentos/GitHub/BlockBreaker_SD2/VHDL_MIPS_VGA/divisorCLK.vhd" into library work
Parsing entity <divisorCLK>.
Parsing architecture <Behavioral> of entity <divisorclk>.
Parsing VHDL file "/home/maxi/Documentos/GitHub/BlockBreaker_SD2/VHDL_MIPS_VGA/divCLK100a50.vhd" into library work
Parsing entity <divCLK100a50>.
Parsing architecture <Behavioral> of entity <divclk100a50>.
Parsing VHDL file "/home/maxi/Documentos/GitHub/BlockBreaker_SD2/VHDL_MIPS_VGA/control_branch.vhd" into library work
Parsing entity <control_branch>.
Parsing architecture <Behavioral> of entity <control_branch>.
Parsing VHDL file "/home/maxi/Documentos/GitHub/BlockBreaker_SD2/VHDL_MIPS_VGA/control1.vhd" into library work
Parsing entity <control1>.
Parsing architecture <Behavioral> of entity <control1>.
Parsing VHDL file "/home/maxi/Documentos/GitHub/BlockBreaker_SD2/VHDL_MIPS_VGA/antirebote.vhd" into library work
Parsing entity <antirebote>.
Parsing architecture <Behavioral> of entity <antirebote>.
Parsing VHDL file "/home/maxi/Documentos/GitHub/BlockBreaker_SD2/VHDL_MIPS_VGA/alu_control.vhd" into library work
Parsing entity <alu_control>.
Parsing architecture <Behavioral> of entity <alu_control>.
Parsing VHDL file "/home/maxi/Documentos/GitHub/BlockBreaker_SD2/VHDL_MIPS_VGA/alu.vhd" into library work
Parsing entity <alu>.
Parsing architecture <Behavioral> of entity <alu>.
Parsing VHDL file "/home/maxi/Documentos/GitHub/BlockBreaker_SD2/VHDL_MIPS_VGA/mips.vhd" into library work
Parsing entity <mips>.
Parsing architecture <Behavioral> of entity <mips>.

=========================================================================
*                            HDL Elaboration                            *
=========================================================================

Elaborating entity <mips> (architecture <Behavioral>) from library <work>.

Elaborating entity <prog> (architecture <Behavioral>) from library <work>.

Elaborating entity <control_prog> (architecture <Behavioral>) from library <work>.
INFO:HDLCompiler:679 - "/home/maxi/Documentos/GitHub/BlockBreaker_SD2/VHDL_MIPS_VGA/control_prog.vhd" Line 409. Case statement is complete. others clause is never selected

Elaborating entity <uart_tx> (architecture <Behavioral>) from library <work>.
INFO:HDLCompiler:679 - "/home/maxi/Documentos/GitHub/BlockBreaker_SD2/VHDL_MIPS_VGA/uart_tx.vhd" Line 194. Case statement is complete. others clause is never selected

Elaborating entity <uart_rx> (architecture <Behavioral>) from library <work>.
INFO:HDLCompiler:679 - "/home/maxi/Documentos/GitHub/BlockBreaker_SD2/VHDL_MIPS_VGA/uart_rx.vhd" Line 160. Case statement is complete. others clause is never selected
INFO:HDLCompiler:679 - "/home/maxi/Documentos/GitHub/BlockBreaker_SD2/VHDL_MIPS_VGA/uart_rx.vhd" Line 188. Case statement is complete. others clause is never selected

Elaborating entity <divisorCLK> (architecture <Behavioral>) from library <work>.

Elaborating entity <divCLK100a50> (architecture <Behavioral>) from library <work>.

Elaborating entity <antirebote> (architecture <Behavioral>) from library <work>.

Elaborating entity <pc> (architecture <Behavioral>) from library <work>.

Elaborating entity <suma_4> (architecture <Behavioral>) from library <work>.

Elaborating entity <mi> (architecture <Behavioral>) from library <work>.

Elaborating entity <mux5_4a1> (architecture <Behavioral>) from library <work>.

Elaborating entity <reg> (architecture <Behavioral>) from library <work>.

Elaborating entity <shift_left16> (architecture <Behavioral>) from library <work>.

Elaborating entity <alu> (architecture <Behavioral>) from library <work>.

Elaborating entity <alu_parcial> (architecture <Behavioral>) from library <work>.

Elaborating entity <barrel_shifter> (architecture <RTL>) from library <work>.

Elaborating entity <exten_signo_cero> (architecture <Behavioral>) from library <work>.

Elaborating entity <control_branch> (architecture <Behavioral>) from library <work>.

Elaborating entity <md_io> (architecture <Behavioral>) from library <work>.

Elaborating entity <entrada> (architecture <Behavioral>) from library <work>.

Elaborating entity <decodificador> (architecture <Behavioral>) from library <work>.

Elaborating entity <md> (architecture <Behavioral>) from library <work>.
INFO:HDLCompiler:679 - "/home/maxi/Documentos/GitHub/BlockBreaker_SD2/VHDL_MIPS_VGA/md.vhd" Line 95. Case statement is complete. others clause is never selected
INFO:HDLCompiler:679 - "/home/maxi/Documentos/GitHub/BlockBreaker_SD2/VHDL_MIPS_VGA/md.vhd" Line 117. Case statement is complete. others clause is never selected
INFO:HDLCompiler:679 - "/home/maxi/Documentos/GitHub/BlockBreaker_SD2/VHDL_MIPS_VGA/md.vhd" Line 159. Case statement is complete. others clause is never selected

Elaborating entity <salida_par> (architecture <Behavioral>) from library <work>.

Elaborating entity <vga_controlador> (architecture <Behavioral>) from library <work>.

Elaborating entity <contador_horizontal> (architecture <comportamiento>) from library <work>.

Elaborating entity <contador_vertical> (architecture <comportamiento>) from library <work>.

Elaborating entity <generador_blank> (architecture <Behavioral>) from library <work>.

Elaborating entity <generador_hsync> (architecture <comportamiento>) from library <work>.

Elaborating entity <generador_vsync> (architecture <comportamiento>) from library <work>.

Elaborating entity <image_generator> (architecture <Behavioral>) from library <work>.
WARNING:HDLCompiler:1127 - "/home/maxi/Documentos/GitHub/BlockBreaker_SD2/VHDL_MIPS_VGA/vga_gen_imagen.vhd" Line 45: Assignment to vctr_int ignored, since the identifier is never used

Elaborating entity <mux32> (architecture <Behavioral>) from library <work>.

Elaborating entity <mux32_4a1> (architecture <Behavioral>) from library <work>.

Elaborating entity <shift_left> (architecture <Behavioral>) from library <work>.

Elaborating entity <shift_left_j> (architecture <Behavioral>) from library <work>.

Elaborating entity <sumador32> (architecture <Behavioral>) from library <work>.

Elaborating entity <alu_control> (architecture <Behavioral>) from library <work>.

Elaborating entity <JR_detect> (architecture <Behavioral>) from library <work>.

Elaborating entity <control1> (architecture <Behavioral>) from library <work>.

=========================================================================
*                           HDL Synthesis                               *
=========================================================================

Synthesizing Unit <mips>.
    Related source file is "/home/maxi/Documentos/GitHub/BlockBreaker_SD2/VHDL_MIPS_VGA/mips.vhd".
    Summary:
	no macro.
Unit <mips> synthesized.

Synthesizing Unit <prog>.
    Related source file is "/home/maxi/Documentos/GitHub/BlockBreaker_SD2/VHDL_MIPS_VGA/prog.vhd".
    Summary:
	no macro.
Unit <prog> synthesized.

Synthesizing Unit <control_prog>.
    Related source file is "/home/maxi/Documentos/GitHub/BlockBreaker_SD2/VHDL_MIPS_VGA/control_prog.vhd".
    Found 9-bit register for signal <dirMIreg>.
    Found 16-bit register for signal <cantMSBLSB>.
    Found 8-bit register for signal <pal<3>>.
    Found 8-bit register for signal <pal<2>>.
    Found 8-bit register for signal <pal<1>>.
    Found 8-bit register for signal <pal<0>>.
    Found 5-bit register for signal <state>.
    Found 2-bit register for signal <contBytes>.
    Found finite state machine <FSM_0> for signal <state>.
    -----------------------------------------------------------------------
    | States             | 22                                             |
    | Transitions        | 62                                             |
    | Inputs             | 10                                             |
    | Outputs            | 14                                             |
    | Clock              | clk (rising_edge)                              |
    | Power Up State     | st1_esperaatn0                                 |
    | Encoding           | auto                                           |
    | Implementation     | LUT                                            |
    -----------------------------------------------------------------------
    Found 2-bit adder for signal <contBytes[1]_GND_7_o_add_0_OUT> created at line 1241.
    Found 9-bit adder for signal <dirMIreg[8]_GND_7_o_add_4_OUT> created at line 1241.
    Found 16-bit subtractor for signal <GND_7_o_GND_7_o_sub_10_OUT<15:0>> created at line 1308.
WARNING:Xst:737 - Found 1-bit latch for signal <cargaPal>. Latches may be generated from incomplete case or if statements. We do not recommend the use of latches in FPGA/CPLD designs, as they may lead to timing problems.
    Found 32-bit comparator equal for signal <n0090> created at line 374
    Summary:
	inferred   3 Adder/Subtractor(s).
	inferred  59 D-type flip-flop(s).
	inferred   1 Latch(s).
	inferred   1 Comparator(s).
	inferred  35 Multiplexer(s).
	inferred   1 Finite State Machine(s).
Unit <control_prog> synthesized.

Synthesizing Unit <uart_tx>.
    Related source file is "/home/maxi/Documentos/GitHub/BlockBreaker_SD2/VHDL_MIPS_VGA/uart_tx.vhd".
    Found 11-bit register for signal <cont_ciclos>.
    Found 4-bit register for signal <cont_bits>.
    Found 2-bit register for signal <state>.
    Found 8-bit register for signal <s_reg>.
    Found finite state machine <FSM_1> for signal <state>.
    -----------------------------------------------------------------------
    | States             | 4                                              |
    | Transitions        | 8                                              |
    | Inputs             | 3                                              |
    | Outputs            | 4                                              |
    | Clock              | clk (rising_edge)                              |
    | Reset              | resetTx (positive)                             |
    | Reset type         | synchronous                                    |
    | Reset State        | st1_idle                                       |
    | Power Up State     | st1_idle                                       |
    | Encoding           | auto                                           |
    | Implementation     | LUT                                            |
    -----------------------------------------------------------------------
    Found 11-bit adder for signal <cont_ciclos[10]_GND_9_o_add_3_OUT> created at line 1241.
    Found 4-bit adder for signal <cont_bits[3]_GND_9_o_add_7_OUT> created at line 1241.
    Found 1-bit 4-to-1 multiplexer for signal <cera_cont_ciclos> created at line 129.
    Summary:
	inferred   2 Adder/Subtractor(s).
	inferred  23 D-type flip-flop(s).
	inferred   5 Multiplexer(s).
	inferred   1 Finite State Machine(s).
Unit <uart_tx> synthesized.

Synthesizing Unit <uart_rx>.
    Related source file is "/home/maxi/Documentos/GitHub/BlockBreaker_SD2/VHDL_MIPS_VGA/uart_rx.vhd".
    Found 11-bit register for signal <cont_ciclos>.
    Found 4-bit register for signal <cont_bits>.
    Found 2-bit register for signal <state>.
    Found 8-bit register for signal <s_reg>.
    Found finite state machine <FSM_2> for signal <state>.
    -----------------------------------------------------------------------
    | States             | 4                                              |
    | Transitions        | 8                                              |
    | Inputs             | 4                                              |
    | Outputs            | 4                                              |
    | Clock              | clk (rising_edge)                              |
    | Reset              | resetRx (positive)                             |
    | Reset type         | synchronous                                    |
    | Reset State        | st1_idle                                       |
    | Power Up State     | st1_idle                                       |
    | Encoding           | auto                                           |
    | Implementation     | LUT                                            |
    -----------------------------------------------------------------------
    Found 11-bit adder for signal <cont_ciclos[10]_GND_10_o_add_3_OUT> created at line 1241.
    Found 4-bit adder for signal <cont_bits[3]_GND_10_o_add_7_OUT> created at line 1241.
    Found 1-bit 4-to-1 multiplexer for signal <cera_cont_ciclos> created at line 127.
    Summary:
	inferred   2 Adder/Subtractor(s).
	inferred  23 D-type flip-flop(s).
	inferred   3 Multiplexer(s).
	inferred   1 Finite State Machine(s).
Unit <uart_rx> synthesized.

Synthesizing Unit <divisorCLK>.
    Related source file is "/home/maxi/Documentos/GitHub/BlockBreaker_SD2/VHDL_MIPS_VGA/divisorCLK.vhd".
    Found 1-bit register for signal <tmp>.
    Summary:
	inferred   1 D-type flip-flop(s).
Unit <divisorCLK> synthesized.

Synthesizing Unit <divCLK100a50>.
    Related source file is "/home/maxi/Documentos/GitHub/BlockBreaker_SD2/VHDL_MIPS_VGA/divCLK100a50.vhd".
    Found 1-bit register for signal <tmp>.
    Summary:
	inferred   1 D-type flip-flop(s).
Unit <divCLK100a50> synthesized.

Synthesizing Unit <antirebote>.
    Related source file is "/home/maxi/Documentos/GitHub/BlockBreaker_SD2/VHDL_MIPS_VGA/antirebote.vhd".
    Found 1-bit register for signal <reset>.
    Summary:
	inferred   1 D-type flip-flop(s).
Unit <antirebote> synthesized.

Synthesizing Unit <pc>.
    Related source file is "/home/maxi/Documentos/GitHub/BlockBreaker_SD2/VHDL_MIPS_VGA/pc.vhd".
    Found 32-bit register for signal <s>.
    Summary:
	inferred  32 D-type flip-flop(s).
	inferred   1 Multiplexer(s).
Unit <pc> synthesized.

Synthesizing Unit <suma_4>.
    Related source file is "/home/maxi/Documentos/GitHub/BlockBreaker_SD2/VHDL_MIPS_VGA/suma_4.vhd".
    Found 32-bit adder for signal <s> created at line 38.
    Summary:
	inferred   1 Adder/Subtractor(s).
Unit <suma_4> synthesized.

Synthesizing Unit <mi>.
    Related source file is "/home/maxi/Documentos/GitHub/BlockBreaker_SD2/VHDL_MIPS_VGA/mi.vhd".
    Found 512x32-bit dual-port RAM <Mram_mi> for signal <mi>.
    Summary:
	inferred   1 RAM(s).
Unit <mi> synthesized.

Synthesizing Unit <mux5_4a1>.
    Related source file is "/home/maxi/Documentos/GitHub/BlockBreaker_SD2/VHDL_MIPS_VGA/mux5_4a1.vhd".
    Summary:
	inferred   1 Multiplexer(s).
Unit <mux5_4a1> synthesized.

Synthesizing Unit <reg>.
    Related source file is "/home/maxi/Documentos/GitHub/BlockBreaker_SD2/VHDL_MIPS_VGA/reg.vhd".
    Found 32-bit register for signal <reg<1>>.
    Found 32-bit register for signal <reg<2>>.
    Found 32-bit register for signal <reg<3>>.
    Found 32-bit register for signal <reg<4>>.
    Found 32-bit register for signal <reg<5>>.
    Found 32-bit register for signal <reg<6>>.
    Found 32-bit register for signal <reg<7>>.
    Found 32-bit register for signal <reg<8>>.
    Found 32-bit register for signal <reg<9>>.
    Found 32-bit register for signal <reg<10>>.
    Found 32-bit register for signal <reg<11>>.
    Found 32-bit register for signal <reg<12>>.
    Found 32-bit register for signal <reg<13>>.
    Found 32-bit register for signal <reg<14>>.
    Found 32-bit register for signal <reg<15>>.
    Found 32-bit register for signal <reg<16>>.
    Found 32-bit register for signal <reg<17>>.
    Found 32-bit register for signal <reg<18>>.
    Found 32-bit register for signal <reg<19>>.
    Found 32-bit register for signal <reg<20>>.
    Found 32-bit register for signal <reg<21>>.
    Found 32-bit register for signal <reg<22>>.
    Found 32-bit register for signal <reg<23>>.
    Found 32-bit register for signal <reg<24>>.
    Found 32-bit register for signal <reg<25>>.
    Found 32-bit register for signal <reg<26>>.
    Found 32-bit register for signal <reg<27>>.
    Found 32-bit register for signal <reg<28>>.
    Found 32-bit register for signal <reg<29>>.
    Found 32-bit register for signal <reg<30>>.
    Found 32-bit register for signal <reg<0>>.
    Found 5-bit subtractor for signal <GND_22_o_GND_22_o_sub_2_OUT<4:0>> created at line 52.
    Found 5-bit subtractor for signal <GND_22_o_GND_22_o_sub_6_OUT<4:0>> created at line 54.
    Found 5-bit subtractor for signal <GND_22_o_GND_22_o_sub_10_OUT<4:0>> created at line 63.
INFO:Xst:3019 - HDL ADVISOR - 1024 flip-flops were inferred for signal <reg>. You may be trying to describe a RAM in a way that is incompatible with block and distributed RAM resources available on Xilinx devices, or with a specific template that is not supported. Please review the Xilinx resources documentation and the XST user manual for coding guidelines. Taking advantage of RAM resources will lead to improved device usage and reduced synthesis time.
INFO:Xst:3019 - HDL ADVISOR - 1024 flip-flops were inferred for signal <reg>. You may be trying to describe a RAM in a way that is incompatible with block and distributed RAM resources available on Xilinx devices, or with a specific template that is not supported. Please review the Xilinx resources documentation and the XST user manual for coding guidelines. Taking advantage of RAM resources will lead to improved device usage and reduced synthesis time.
    Found 32-bit 31-to-1 multiplexer for signal <GND_22_o_X_22_o_wide_mux_2_OUT> created at line 52.
    Found 32-bit 31-to-1 multiplexer for signal <GND_22_o_X_22_o_wide_mux_6_OUT> created at line 54.
    Summary:
	inferred   3 Adder/Subtractor(s).
	inferred 992 D-type flip-flop(s).
	inferred   4 Multiplexer(s).
Unit <reg> synthesized.

Synthesizing Unit <shift_left16>.
    Related source file is "/home/maxi/Documentos/GitHub/BlockBreaker_SD2/VHDL_MIPS_VGA/shift_left16.vhd".
    Summary:
	no macro.
Unit <shift_left16> synthesized.

Synthesizing Unit <alu>.
    Related source file is "/home/maxi/Documentos/GitHub/BlockBreaker_SD2/VHDL_MIPS_VGA/alu.vhd".
    Summary:
	inferred   5 Multiplexer(s).
Unit <alu> synthesized.

Synthesizing Unit <alu_parcial>.
    Related source file is "/home/maxi/Documentos/GitHub/BlockBreaker_SD2/VHDL_MIPS_VGA/alu_parcial.vhd".
    Found 32-bit adder for signal <n0037> created at line 56.
    Found 32-bit adder for signal <suma> created at line 56.
    Found 32-bit comparator greater for signal <op2[31]_op1[31]_LessThan_9_o> created at line 71
    Found 32-bit comparator greater for signal <op1[31]_op2[31]_LessThan_11_o> created at line 79
    Summary:
	inferred   2 Adder/Subtractor(s).
	inferred   2 Comparator(s).
	inferred  11 Multiplexer(s).
Unit <alu_parcial> synthesized.

Synthesizing Unit <barrel_shifter>.
    Related source file is "/home/maxi/Documentos/GitHub/BlockBreaker_SD2/VHDL_MIPS_VGA/barrel_shifter.vhd".
    Found 32-bit shifter arithmetic right for signal <e[31]_control[4]_shift_right_3_OUT> created at line 47
    Found 32-bit shifter logical right for signal <e[31]_control[4]_shift_right_5_OUT> created at line 46
    Found 32-bit shifter logical left for signal <e[31]_control[4]_shift_left_7_OUT> created at line 45
    Found 32-bit 4-to-1 multiplexer for signal <s> created at line 38.
    Summary:
	inferred   1 Multiplexer(s).
	inferred   3 Combinational logic shifter(s).
Unit <barrel_shifter> synthesized.

Synthesizing Unit <exten_signo_cero>.
    Related source file is "/home/maxi/Documentos/GitHub/BlockBreaker_SD2/VHDL_MIPS_VGA/exten_signo_cero.vhd".
    Summary:
	inferred   2 Multiplexer(s).
Unit <exten_signo_cero> synthesized.

Synthesizing Unit <control_branch>.
    Related source file is "/home/maxi/Documentos/GitHub/BlockBreaker_SD2/VHDL_MIPS_VGA/control_branch.vhd".
    Summary:
	no macro.
Unit <control_branch> synthesized.

Synthesizing Unit <md_io>.
    Related source file is "/home/maxi/Documentos/GitHub/BlockBreaker_SD2/VHDL_MIPS_VGA/md_io.vhd".
INFO:Xst:3210 - "/home/maxi/Documentos/GitHub/BlockBreaker_SD2/VHDL_MIPS_VGA/md_io.vhd" line 129: Output port <csLCD> of the instance <Inst_decodificador> is unconnected or connected to loadless signal.
    Summary:
	inferred   2 Multiplexer(s).
Unit <md_io> synthesized.

Synthesizing Unit <entrada>.
    Related source file is "/home/maxi/Documentos/GitHub/BlockBreaker_SD2/VHDL_MIPS_VGA/entrada.vhd".
    Summary:
	no macro.
Unit <entrada> synthesized.

Synthesizing Unit <decodificador>.
    Related source file is "/home/maxi/Documentos/GitHub/BlockBreaker_SD2/VHDL_MIPS_VGA/decodificador.vhd".
    Summary:
	no macro.
Unit <decodificador> synthesized.

Synthesizing Unit <md>.
    Related source file is "/home/maxi/Documentos/GitHub/BlockBreaker_SD2/VHDL_MIPS_VGA/md.vhd".
    Found 128x8-bit single-port RAM <Mram_mem01> for signal <mem01>.
    Found 128x8-bit single-port RAM <Mram_mem00> for signal <mem00>.
    Found 128x8-bit single-port RAM <Mram_mem11> for signal <mem11>.
    Found 128x8-bit single-port RAM <Mram_mem10> for signal <mem10>.
    Found 32-bit 4-to-1 multiplexer for signal <dir[1]_GND_32_o_wide_mux_12_OUT> created at line 75.
    Found 32-bit 4-to-1 multiplexer for signal <dir[1]_GND_32_o_wide_mux_17_OUT> created at line 86.
    Found 32-bit 4-to-1 multiplexer for signal <dir[1]_GND_32_o_wide_mux_18_OUT> created at line 99.
    Found 32-bit 4-to-1 multiplexer for signal <dir[1]_BUS_0153_wide_mux_23_OUT> created at line 108.
    Found 32-bit 7-to-1 multiplexer for signal <tipoAcc[2]_GND_32_o_wide_mux_24_OUT> created at line 68.
    Summary:
	inferred   4 RAM(s).
	inferred  28 Multiplexer(s).
Unit <md> synthesized.

Synthesizing Unit <salida_par>.
    Related source file is "/home/maxi/Documentos/GitHub/BlockBreaker_SD2/VHDL_MIPS_VGA/salida_par.vhd".
    Found 8-bit register for signal <salida>.
    Summary:
	inferred   8 D-type flip-flop(s).
Unit <salida_par> synthesized.

Synthesizing Unit <vga_controlador>.
    Related source file is "/home/maxi/Documentos/GitHub/BlockBreaker_SD2/VHDL_MIPS_VGA/vga_controlador.vhd".
    Summary:
	no macro.
Unit <vga_controlador> synthesized.

Synthesizing Unit <contador_horizontal>.
    Related source file is "/home/maxi/Documentos/GitHub/BlockBreaker_SD2/VHDL_MIPS_VGA/vga_cont_horiz.vhd".
    Found 11-bit register for signal <h_cuenta_int>.
    Found 11-bit adder for signal <h_cuenta_int[10]_GND_35_o_add_2_OUT> created at line 51.
    Summary:
	inferred   1 Adder/Subtractor(s).
	inferred  11 D-type flip-flop(s).
	inferred   1 Multiplexer(s).
Unit <contador_horizontal> synthesized.

Synthesizing Unit <contador_vertical>.
    Related source file is "/home/maxi/Documentos/GitHub/BlockBreaker_SD2/VHDL_MIPS_VGA/vga_cont_vert.vhd".
    Found 10-bit register for signal <v_cuenta_int>.
    Found 1-bit register for signal <hsync_t_1>.
    Found 1-bit register for signal <hsync_s>.
    Found 10-bit adder for signal <v_cuenta_int[9]_GND_36_o_add_2_OUT> created at line 65.
    Summary:
	inferred   1 Adder/Subtractor(s).
	inferred  12 D-type flip-flop(s).
	inferred   1 Multiplexer(s).
Unit <contador_vertical> synthesized.

Synthesizing Unit <generador_blank>.
    Related source file is "/home/maxi/Documentos/GitHub/BlockBreaker_SD2/VHDL_MIPS_VGA/vga_generador_blank.vhd".
    Found 11-bit comparator lessequal for signal <n0002> created at line 45
    Found 11-bit comparator lessequal for signal <n0004> created at line 45
    Found 10-bit comparator lessequal for signal <n0007> created at line 45
    Found 10-bit comparator lessequal for signal <n0009> created at line 45
    Summary:
	inferred   4 Comparator(s).
Unit <generador_blank> synthesized.

Synthesizing Unit <generador_hsync>.
    Related source file is "/home/maxi/Documentos/GitHub/BlockBreaker_SD2/VHDL_MIPS_VGA/vga_generador_hsync.vhd".
    Found 1-bit register for signal <hsync_aux>.
    Summary:
	inferred   1 D-type flip-flop(s).
Unit <generador_hsync> synthesized.

Synthesizing Unit <generador_vsync>.
    Related source file is "/home/maxi/Documentos/GitHub/BlockBreaker_SD2/VHDL_MIPS_VGA/vga_generador_vsync.vhd".
    Found 1-bit register for signal <vsync>.
    Found 10-bit comparator lessequal for signal <n0001> created at line 43
    Found 10-bit comparator lessequal for signal <n0003> created at line 43
    Summary:
	inferred   1 D-type flip-flop(s).
	inferred   2 Comparator(s).
Unit <generador_vsync> synthesized.

Synthesizing Unit <image_generator>.
    Related source file is "/home/maxi/Documentos/GitHub/BlockBreaker_SD2/VHDL_MIPS_VGA/vga_gen_imagen.vhd".
WARNING:Xst:647 - Input <vctr> is never used. This port will be preserved and left unconnected if it belongs to a top-level block or it belongs to a sub-block and the hierarchy of this sub-block is preserved.
    Found 1-bit register for signal <G>.
    Found 1-bit register for signal <B>.
    Found 1-bit register for signal <R>.
    Found 11-bit comparator greater for signal <hctr_int[10]_GND_42_o_LessThan_3_o> created at line 69
    Found 11-bit comparator greater for signal <hctr_int[10]_GND_42_o_LessThan_5_o> created at line 73
    Found 11-bit comparator greater for signal <hctr_int[10]_GND_42_o_LessThan_7_o> created at line 74
    Found 11-bit comparator greater for signal <hctr_int[10]_GND_42_o_LessThan_9_o> created at line 75
    Found 11-bit comparator greater for signal <hctr_int[10]_GND_42_o_LessThan_11_o> created at line 76
    Found 11-bit comparator greater for signal <hctr_int[10]_GND_42_o_LessThan_13_o> created at line 77
    Found 11-bit comparator greater for signal <hctr_int[10]_GND_42_o_LessThan_15_o> created at line 78
    Found 11-bit comparator greater for signal <n0037> created at line 79
    Found 11-bit comparator lessequal for signal <n0042> created at line 80
    Summary:
	inferred   3 D-type flip-flop(s).
	inferred   9 Comparator(s).
	inferred  20 Multiplexer(s).
Unit <image_generator> synthesized.

Synthesizing Unit <mux32>.
    Related source file is "/home/maxi/Documentos/GitHub/BlockBreaker_SD2/VHDL_MIPS_VGA/mux32.vhd".
    Summary:
	inferred   1 Multiplexer(s).
Unit <mux32> synthesized.

Synthesizing Unit <mux32_4a1>.
    Related source file is "/home/maxi/Documentos/GitHub/BlockBreaker_SD2/VHDL_MIPS_VGA/mux32_4a1.vhd".
    Found 32-bit 4-to-1 multiplexer for signal <s> created at line 38.
    Summary:
	inferred   1 Multiplexer(s).
Unit <mux32_4a1> synthesized.

Synthesizing Unit <shift_left>.
    Related source file is "/home/maxi/Documentos/GitHub/BlockBreaker_SD2/VHDL_MIPS_VGA/shift_left.vhd".
    Summary:
	no macro.
Unit <shift_left> synthesized.

Synthesizing Unit <shift_left_j>.
    Related source file is "/home/maxi/Documentos/GitHub/BlockBreaker_SD2/VHDL_MIPS_VGA/shift_left_j.vhd".
    Summary:
	no macro.
Unit <shift_left_j> synthesized.

Synthesizing Unit <sumador32>.
    Related source file is "/home/maxi/Documentos/GitHub/BlockBreaker_SD2/VHDL_MIPS_VGA/sumador32.vhd".
    Found 32-bit adder for signal <s> created at line 39.
    Summary:
	inferred   1 Adder/Subtractor(s).
Unit <sumador32> synthesized.

Synthesizing Unit <alu_control>.
    Related source file is "/home/maxi/Documentos/GitHub/BlockBreaker_SD2/VHDL_MIPS_VGA/alu_control.vhd".
    Summary:
	inferred  13 Multiplexer(s).
Unit <alu_control> synthesized.

Synthesizing Unit <JR_detect>.
    Related source file is "/home/maxi/Documentos/GitHub/BlockBreaker_SD2/VHDL_MIPS_VGA/JR_detect.vhd".
    Summary:
	no macro.
Unit <JR_detect> synthesized.

Synthesizing Unit <control1>.
    Related source file is "/home/maxi/Documentos/GitHub/BlockBreaker_SD2/VHDL_MIPS_VGA/control1.vhd".
    Summary:
	inferred  15 Multiplexer(s).
Unit <control1> synthesized.

=========================================================================
HDL Synthesis Report

Macro Statistics
# RAMs                                                 : 5
 128x8-bit single-port RAM                             : 4
 512x32-bit dual-port RAM                              : 1
# Adders/Subtractors                                   : 16
 10-bit adder                                          : 1
 11-bit adder                                          : 3
 16-bit subtractor                                     : 1
 2-bit adder                                           : 1
 32-bit adder                                          : 4
 4-bit adder                                           : 2
 5-bit subtractor                                      : 3
 9-bit adder                                           : 1
# Registers                                            : 58
 1-bit register                                        : 10
 10-bit register                                       : 1
 11-bit register                                       : 3
 16-bit register                                       : 1
 2-bit register                                        : 1
 32-bit register                                       : 32
 4-bit register                                        : 2
 8-bit register                                        : 7
 9-bit register                                        : 1
# Latches                                              : 1
 1-bit latch                                           : 1
# Comparators                                          : 18
 10-bit comparator lessequal                           : 4
 11-bit comparator greater                             : 8
 11-bit comparator lessequal                           : 3
 32-bit comparator equal                               : 1
 32-bit comparator greater                             : 2
# Multiplexers                                         : 153
 1-bit 2-to-1 multiplexer                              : 60
 1-bit 4-to-1 multiplexer                              : 2
 10-bit 2-to-1 multiplexer                             : 1
 11-bit 2-to-1 multiplexer                             : 1
 16-bit 2-to-1 multiplexer                             : 2
 2-bit 2-to-1 multiplexer                              : 6
 3-bit 2-to-1 multiplexer                              : 13
 32-bit 2-to-1 multiplexer                             : 23
 32-bit 31-to-1 multiplexer                            : 2
 32-bit 4-to-1 multiplexer                             : 7
 32-bit 7-to-1 multiplexer                             : 1
 4-bit 2-to-1 multiplexer                              : 13
 5-bit 2-to-1 multiplexer                              : 3
 8-bit 2-to-1 multiplexer                              : 19
# Logic shifters                                       : 3
 32-bit shifter arithmetic right                       : 1
 32-bit shifter logical left                           : 1
 32-bit shifter logical right                          : 1
# FSMs                                                 : 3
# Xors                                                 : 1
 32-bit xor2                                           : 1

=========================================================================

=========================================================================
*                       Advanced HDL Synthesis                          *
=========================================================================

WARNING:Xst:1710 - FF/Latch <cargaPal> (without init value) has a constant value of 1 in block <Inst_control_prog>. This FF/Latch will be trimmed during the optimization process.

Synthesizing (advanced) Unit <control_prog>.
The following registers are absorbed into counter <cantMSBLSB>: 1 register on signal <cantMSBLSB>.
The following registers are absorbed into counter <contBytes>: 1 register on signal <contBytes>.
The following registers are absorbed into counter <dirMIreg>: 1 register on signal <dirMIreg>.
Unit <control_prog> synthesized (advanced).

Synthesizing (advanced) Unit <md>.
INFO:Xst:3218 - HDL ADVISOR - The RAM <Mram_mem01> will be implemented on LUTs either because you have described an asynchronous read or because of currently unsupported block RAM features. If you have described an asynchronous read, making it synchronous would allow you to take advantage of available block RAM resources, for optimized device usage and improved timings. Please refer to your documentation for coding guidelines.
    -----------------------------------------------------------------------
    | ram_type           | Distributed                         |          |
    -----------------------------------------------------------------------
    | Port A                                                              |
    |     aspect ratio   | 128-word x 8-bit                    |          |
    |     clkA           | connected to signal <clk>           | rise     |
    |     weA            | connected to internal node          | high     |
    |     addrA          | connected to signal <dir<8:2>>      |          |
    |     diA            | connected to signal <_n0150>        |          |
    |     doA            | connected to internal node          |          |
    -----------------------------------------------------------------------
INFO:Xst:3218 - HDL ADVISOR - The RAM <Mram_mem00> will be implemented on LUTs either because you have described an asynchronous read or because of currently unsupported block RAM features. If you have described an asynchronous read, making it synchronous would allow you to take advantage of available block RAM resources, for optimized device usage and improved timings. Please refer to your documentation for coding guidelines.
    -----------------------------------------------------------------------
    | ram_type           | Distributed                         |          |
    -----------------------------------------------------------------------
    | Port A                                                              |
    |     aspect ratio   | 128-word x 8-bit                    |          |
    |     clkA           | connected to signal <clk>           | rise     |
    |     weA            | connected to internal node          | high     |
    |     addrA          | connected to signal <dir<8:2>>      |          |
    |     diA            | connected to signal <_n0158>        |          |
    |     doA            | connected to internal node          |          |
    -----------------------------------------------------------------------
INFO:Xst:3218 - HDL ADVISOR - The RAM <Mram_mem11> will be implemented on LUTs either because you have described an asynchronous read or because of currently unsupported block RAM features. If you have described an asynchronous read, making it synchronous would allow you to take advantage of available block RAM resources, for optimized device usage and improved timings. Please refer to your documentation for coding guidelines.
    -----------------------------------------------------------------------
    | ram_type           | Distributed                         |          |
    -----------------------------------------------------------------------
    | Port A                                                              |
    |     aspect ratio   | 128-word x 8-bit                    |          |
    |     clkA           | connected to signal <clk>           | rise     |
    |     weA            | connected to internal node          | high     |
    |     addrA          | connected to signal <dir<8:2>>      |          |
    |     diA            | connected to signal <_n0166>        |          |
    |     doA            | connected to internal node          |          |
    -----------------------------------------------------------------------
INFO:Xst:3218 - HDL ADVISOR - The RAM <Mram_mem10> will be implemented on LUTs either because you have described an asynchronous read or because of currently unsupported block RAM features. If you have described an asynchronous read, making it synchronous would allow you to take advantage of available block RAM resources, for optimized device usage and improved timings. Please refer to your documentation for coding guidelines.
    -----------------------------------------------------------------------
    | ram_type           | Distributed                         |          |
    -----------------------------------------------------------------------
    | Port A                                                              |
    |     aspect ratio   | 128-word x 8-bit                    |          |
    |     clkA           | connected to signal <clk>           | rise     |
    |     weA            | connected to internal node          | high     |
    |     addrA          | connected to signal <dir<8:2>>      |          |
    |     diA            | connected to signal <_n0174>        |          |
    |     doA            | connected to internal node          |          |
    -----------------------------------------------------------------------
Unit <md> synthesized (advanced).

Synthesizing (advanced) Unit <mi>.
INFO:Xst:3218 - HDL ADVISOR - The RAM <Mram_mi> will be implemented on LUTs either because you have described an asynchronous read or because of currently unsupported block RAM features. If you have described an asynchronous read, making it synchronous would allow you to take advantage of available block RAM resources, for optimized device usage and improved timings. Please refer to your documentation for coding guidelines.
    -----------------------------------------------------------------------
    | ram_type           | Distributed                         |          |
    -----------------------------------------------------------------------
    | Port A                                                              |
    |     aspect ratio   | 512-word x 32-bit                   |          |
    |     clkA           | connected to signal <clk>           | rise     |
    |     weA            | connected to signal <writeProg>     | high     |
    |     addrA          | connected to signal <dirMI>         |          |
    |     diA            | connected to signal <dataE>         |          |
    |     doA            | connected to internal node          |          |
    -----------------------------------------------------------------------
    | Port B                                                              |
    |     aspect ratio   | 512-word x 32-bit                   |          |
    |     addrB          | connected to signal <dir>           |          |
    |     doB            | connected to internal node          |          |
    -----------------------------------------------------------------------
Unit <mi> synthesized (advanced).

Synthesizing (advanced) Unit <uart_rx>.
The following registers are absorbed into counter <cont_ciclos>: 1 register on signal <cont_ciclos>.
The following registers are absorbed into counter <cont_bits>: 1 register on signal <cont_bits>.
Unit <uart_rx> synthesized (advanced).

Synthesizing (advanced) Unit <uart_tx>.
The following registers are absorbed into counter <cont_ciclos>: 1 register on signal <cont_ciclos>.
The following registers are absorbed into counter <cont_bits>: 1 register on signal <cont_bits>.
Unit <uart_tx> synthesized (advanced).

=========================================================================
Advanced HDL Synthesis Report

Macro Statistics
# RAMs                                                 : 5
 128x8-bit single-port distributed RAM                 : 4
 512x32-bit dual-port distributed RAM                  : 1
# Adders/Subtractors                                   : 8
 10-bit adder                                          : 1
 11-bit adder                                          : 1
 32-bit adder                                          : 2
 32-bit adder carry in                                 : 1
 5-bit subtractor                                      : 3
# Counters                                             : 7
 11-bit up counter                                     : 2
 16-bit down counter                                   : 1
 2-bit up counter                                      : 1
 4-bit up counter                                      : 2
 9-bit up counter                                      : 1
# Registers                                            : 1111
 Flip-Flops                                            : 1111
# Comparators                                          : 18
 10-bit comparator lessequal                           : 4
 11-bit comparator greater                             : 8
 11-bit comparator lessequal                           : 3
 32-bit comparator equal                               : 1
 32-bit comparator greater                             : 2
# Multiplexers                                         : 214
 1-bit 2-to-1 multiplexer                              : 60
 1-bit 31-to-1 multiplexer                             : 64
 1-bit 4-to-1 multiplexer                              : 2
 10-bit 2-to-1 multiplexer                             : 1
 11-bit 2-to-1 multiplexer                             : 1
 16-bit 2-to-1 multiplexer                             : 1
 2-bit 2-to-1 multiplexer                              : 6
 3-bit 2-to-1 multiplexer                              : 13
 32-bit 2-to-1 multiplexer                             : 23
 32-bit 4-to-1 multiplexer                             : 7
 32-bit 7-to-1 multiplexer                             : 1
 4-bit 2-to-1 multiplexer                              : 13
 5-bit 2-to-1 multiplexer                              : 3
 8-bit 2-to-1 multiplexer                              : 19
# Logic shifters                                       : 3
 32-bit shifter arithmetic right                       : 1
 32-bit shifter logical left                           : 1
 32-bit shifter logical right                          : 1
# FSMs                                                 : 3
# Xors                                                 : 1
 32-bit xor2                                           : 1

=========================================================================

=========================================================================
*                         Low Level Synthesis                           *
=========================================================================
WARNING:Xst:1710 - FF/Latch <cargaPal> (without init value) has a constant value of 1 in block <control_prog>. This FF/Latch will be trimmed during the optimization process.
Analyzing FSM <MFsm> for best encoding.
Optimizing FSM <inst_prog/Inst_control_prog/FSM_0> on signal <state[1:22]> with one-hot encoding.
---------------------------------------------------
 State                   | Encoding
---------------------------------------------------
 st1_esperaatn0          | 0000000000000000000001
 st2_esperaatn1          | 0000000000000000000010
 st3_esperacomando       | 0000000000000000000100
 st4_c_enviatam1         | 0000000000000000100000
 st5_c_esperaenviatam1   | 0000000000000001000000
 st6_c_enviatam2         | 0000000000000010000000
 st7_c_esperaenviatam2   | 0000000000000100000000
 st8_p_esperatam1        | 0000000000000000010000
 st9_p_esperatam2        | 0000000000001000000000
 st10_p_recibedatos      | 0000000000010000000000
 st11_p_escribemi        | 0000000000100000000000
 st12_p_enviarespc       | 0000000001000000000000
 st13_p_esperaenviarespc | 0000000010000000000000
 st14_v_esperatam1       | 0000000000000000001000
 st15_v_esperatam2       | 0000000100000000000000
 st16_v_recibedatos      | 0000001000000000000000
 st17_v_verificami       | 0000010000000000000000
 st18_v_reciberesto      | 0001000000000000000000
 st19_v_enviarespe       | 0010000000000000000000
 st20_v_esperaenviarespe | 0100000000000000000000
 st21_v_enviarespc       | 0000100000000000000000
 st22_v_esperaenviarespc | 1000000000000000000000
---------------------------------------------------
Analyzing FSM <MFsm> for best encoding.
Optimizing FSM <inst_prog/inst_uart_tx/FSM_1> on signal <state[1:2]> with gray encoding.
-----------------------
 State     | Encoding
-----------------------
 st1_idle  | 00
 st2_start | 01
 st3_datos | 11
 st4_stop  | 10
-----------------------
Analyzing FSM <MFsm> for best encoding.
Optimizing FSM <inst_prog/inst_uart_rx/FSM_2> on signal <state[1:2]> with gray encoding.
-----------------------
 State     | Encoding
-----------------------
 st1_idle  | 00
 st2_start | 01
 st3_datos | 11
 st4_stop  | 10
-----------------------
WARNING:Xst:3002 - This design contains one or more registers/latches that are directly
   incompatible with the Spartan6 architecture. The two primary causes of this is
   either a register or latch described with both an asynchronous set and
   asynchronous reset, or a register or latch described with an asynchronous
   set or reset which however has an initialization value of the opposite 
   polarity (i.e. asynchronous reset with an initialization value of 1).
    While this circuit can be built, it creates a sub-optimal implementation
   in terms of area, power and performance. For a more optimal implementation
   Xilinx highly recommends one of the following:

          1) Remove either the set or reset from all registers and latches
             if not needed for required functionality
          2) Modify the code in order to produce a synchronous set
             and/or reset (both is preferred)
          3) Ensure all registers have the same initialization value as the
             described asynchronous set or reset polarity
          4) Use the -async_to_sync option to transform the asynchronous
             set/reset to synchronous operation
             (timing simulation highly recommended when using this option)

  Please refer to http://www.xilinx.com search string "Spartan6 asynchronous set/reset" for more details.

  List of register instances with asynchronous set or reset and opposite initialization value:
    v_cuenta_int_9 in unit <contador_vertical>
    v_cuenta_int_4 in unit <contador_vertical>
    h_cuenta_int_10 in unit <contador_horizontal>
    h_cuenta_int_9 in unit <contador_horizontal>
    h_cuenta_int_5 in unit <contador_horizontal>
    h_cuenta_int_4 in unit <contador_horizontal>
    h_cuenta_int_1 in unit <contador_horizontal>


Optimizing unit <mips> ...

Optimizing unit <md> ...

Optimizing unit <salida_par> ...

Optimizing unit <contador_horizontal> ...

Optimizing unit <contador_vertical> ...

Optimizing unit <image_generator> ...

Optimizing unit <control_prog> ...

Optimizing unit <uart_tx> ...

Optimizing unit <uart_rx> ...

Optimizing unit <pc> ...

Optimizing unit <reg> ...

Optimizing unit <control1> ...

Optimizing unit <alu> ...

Optimizing unit <alu_parcial> ...

Mapping all equations...
Building and optimizing final netlist ...
Found area constraint ratio of 100 (+ 5) on block mips, actual ratio is 47.
WARNING:Xst:1426 - The value init of the FF/Latch Inst_md_io/Inst_vga_controlador/Inst_contador_horizontal/h_cuenta_int_10_LD hinder the constant cleaning in the block mips.
   You should achieve better results by setting this init to 0.
FlipFlop Inst_pc/s_10 has been replicated 4 time(s)
FlipFlop Inst_pc/s_9 has been replicated 4 time(s)

Final Macro Processing ...

=========================================================================
Final Register Report

Macro Statistics
# Registers                                            : 1208
 Flip-Flops                                            : 1208

=========================================================================

=========================================================================
*                           Partition Report                            *
=========================================================================

Partition Implementation Status
-------------------------------

  No Partitions were found in this design.

-------------------------------

=========================================================================
*                            Design Summary                             *
=========================================================================

Top Level Output File Name         : mips.ngc

Primitive and Black Box Usage:
------------------------------
# BELS                             : 2489
#      GND                         : 1
#      INV                         : 10
#      LUT1                        : 56
#      LUT2                        : 49
#      LUT3                        : 50
#      LUT4                        : 285
#      LUT5                        : 251
#      LUT6                        : 1407
#      MUXCY                       : 175
#      MUXF7                       : 65
#      VCC                         : 1
#      XORCY                       : 139
# FlipFlops/Latches                : 1209
#      FD                          : 84
#      FDC                         : 16
#      FDCE                        : 10
#      FDE                         : 1010
#      FDP                         : 1
#      FDPE                        : 1
#      FDR                         : 5
#      FDRE                        : 81
#      LD                          : 1
# RAMS                             : 160
#      RAM128X1D                   : 128
#      RAM128X1S                   : 32
# Clock Buffers                    : 3
#      BUFG                        : 2
#      BUFGP                       : 1
# IO Buffers                       : 24
#      IBUF                        : 10
#      OBUF                        : 14

Device utilization summary:
---------------------------

Selected Device : 6slx9csg324-3 


Slice Logic Utilization: 
 Number of Slice Registers:            1209  out of  11440    10%  
 Number of Slice LUTs:                 2684  out of   5720    46%  
    Number used as Logic:              2108  out of   5720    36%  
    Number used as Memory:              576  out of   1440    40%  
       Number used as RAM:              576

Slice Logic Distribution: 
 Number of LUT Flip Flop pairs used:   3500
   Number with an unused Flip Flop:    2291  out of   3500    65%  
   Number with an unused LUT:           816  out of   3500    23%  
   Number of fully used LUT-FF pairs:   393  out of   3500    11%  
   Number of unique control sets:        54

IO Utilization: 
 Number of IOs:                          25
 Number of bonded IOBs:                  25  out of    200    12%  

Specific Feature Utilization:
 Number of BUFG/BUFGCTRLs:                3  out of     16    18%  

---------------------------
Partition Resource Summary:
---------------------------

  No Partitions were found in this design.

---------------------------


=========================================================================
Timing Report

NOTE: THESE TIMING NUMBERS ARE ONLY A SYNTHESIS ESTIMATE.
      FOR ACCURATE TIMING INFORMATION PLEASE REFER TO THE TRACE REPORT
      GENERATED AFTER PLACE-and-ROUTE.

Clock Information:
------------------
-----------------------------------+-------------------------------------------------------------------------------------+-------+
Clock Signal                       | Clock buffer(FF name)                                                               | Load  |
-----------------------------------+-------------------------------------------------------------------------------------+-------+
Inst_divCLK100a50/tmp              | BUFG                                                                                | 36    |
clk100mhz                          | BUFGP                                                                               | 1     |
Inst_divisorCLK/tmp                | BUFG                                                                                | 1331  |
reset(reset1:O)                    | NONE(*)(Inst_md_io/Inst_vga_controlador/Inst_contador_horizontal/h_cuenta_int_10_LD)| 1     |
-----------------------------------+-------------------------------------------------------------------------------------+-------+
(*) This 1 clock signal(s) are generated by combinatorial logic,
and XST is not able to identify which are the primary clock signals.
Please use the CLOCK_SIGNAL constraint to specify the clock signal(s) generated by combinatorial logic.
INFO:Xst:2169 - HDL ADVISOR - Some clock signals were not automatically buffered by XST with BUFG/BUFR resources. Please use the buffer_type constraint in order to insert these buffers to the clock signals to help prevent skew problems.

Asynchronous Control Signals Information:
----------------------------------------
No asynchronous control signals found in this design

Timing Summary:
---------------
Speed Grade: -3

   Minimum period: 15.918ns (Maximum Frequency: 62.823MHz)
   Minimum input arrival time before clock: 4.282ns
   Maximum output required time after clock: 5.164ns
   Maximum combinational path delay: No path found

Timing Details:
---------------
All values displayed in nanoseconds (ns)

=========================================================================
Timing constraint: Default period analysis for Clock 'Inst_divCLK100a50/tmp'
  Clock period: 5.912ns (frequency: 169.145MHz)
  Total number of paths / destination ports: 913 / 49
-------------------------------------------------------------------------
Delay:               5.912ns (Levels of Logic = 5)
  Source:            Inst_md_io/Inst_vga_controlador/Inst_contador_horizontal/h_cuenta_int_4_P_4 (FF)
  Destination:       Inst_md_io/Inst_vga_controlador/Inst_image_generator/R (FF)
  Source Clock:      Inst_divCLK100a50/tmp rising
  Destination Clock: Inst_divCLK100a50/tmp rising

  Data Path: Inst_md_io/Inst_vga_controlador/Inst_contador_horizontal/h_cuenta_int_4_P_4 to Inst_md_io/Inst_vga_controlador/Inst_image_generator/R
                                Gate     Net
    Cell:in->out      fanout   Delay   Delay  Logical Name (Net Name)
    ----------------------------------------  ------------
     FD:C->Q               2   0.447   0.721  Inst_md_io/Inst_vga_controlador/Inst_contador_horizontal/h_cuenta_int_4_P_4 (Inst_md_io/Inst_vga_controlador/Inst_contador_horizontal/h_cuenta_int_4_P_4)
     LUT3:I1->O           15   0.203   1.346  Inst_md_io/Inst_vga_controlador/Inst_contador_horizontal/h_cuenta_int_41 (Inst_md_io/Inst_vga_controlador/Inst_contador_horizontal/h_cuenta_int_4)
     LUT6:I0->O            1   0.203   0.684  Inst_md_io/Inst_vga_controlador/Inst_generador_blank/blank4 (Inst_md_io/Inst_vga_controlador/Inst_generador_blank/blank3)
     LUT6:I4->O            1   0.203   0.580  Inst_md_io/Inst_vga_controlador/Inst_generador_blank/blank5 (Inst_md_io/Inst_vga_controlador/Inst_generador_blank/blank4)
     LUT6:I5->O            3   0.205   1.015  Inst_md_io/Inst_vga_controlador/Inst_generador_blank/blank7 (Inst_md_io/Inst_vga_controlador/blank)
     LUT6:I0->O            1   0.203   0.000  Inst_md_io/Inst_vga_controlador/Inst_image_generator/R_int3 (Inst_md_io/Inst_vga_controlador/Inst_image_generator/R_int)
     FDC:D                     0.102          Inst_md_io/Inst_vga_controlador/Inst_image_generator/R
    ----------------------------------------
    Total                      5.912ns (1.566ns logic, 4.346ns route)
                                       (26.5% logic, 73.5% route)

=========================================================================
Timing constraint: Default period analysis for Clock 'clk100mhz'
  Clock period: 1.913ns (frequency: 522.821MHz)
  Total number of paths / destination ports: 1 / 1
-------------------------------------------------------------------------
Delay:               1.913ns (Levels of Logic = 1)
  Source:            Inst_divCLK100a50/tmp (FF)
  Destination:       Inst_divCLK100a50/tmp (FF)
  Source Clock:      clk100mhz rising
  Destination Clock: clk100mhz rising

  Data Path: Inst_divCLK100a50/tmp to Inst_divCLK100a50/tmp
                                Gate     Net
    Cell:in->out      fanout   Delay   Delay  Logical Name (Net Name)
    ----------------------------------------  ------------
     FD:C->Q               1   0.447   0.579  Inst_divCLK100a50/tmp (Inst_divCLK100a50/tmp)
     INV:I->O              1   0.206   0.579  Inst_divCLK100a50/tmp_INV_49_o1_INV_0 (Inst_divCLK100a50/tmp_INV_49_o)
     FD:D                      0.102          Inst_divCLK100a50/tmp
    ----------------------------------------
    Total                      1.913ns (0.755ns logic, 1.158ns route)
                                       (39.5% logic, 60.5% route)

=========================================================================
Timing constraint: Default period analysis for Clock 'Inst_divisorCLK/tmp'
  Clock period: 15.918ns (frequency: 62.823MHz)
  Total number of paths / destination ports: 2576035081 / 3784
-------------------------------------------------------------------------
Delay:               15.918ns (Levels of Logic = 15)
  Source:            Inst_pc/s_9_1 (FF)
  Destination:       Inst_reg/reg_0_25 (FF)
  Source Clock:      Inst_divisorCLK/tmp rising
  Destination Clock: Inst_divisorCLK/tmp rising

  Data Path: Inst_pc/s_9_1 to Inst_reg/reg_0_25
                                Gate     Net
    Cell:in->out      fanout   Delay   Delay  Logical Name (Net Name)
    ----------------------------------------  ------------
     FD:C->Q              25   0.447   1.297  Inst_pc/s_9_1 (Inst_pc/s_9_1)
     LUT6:I4->O          268   0.203   2.172  inst_LPM_MUX32121 (instruccion<16>)
     LUT5:I3->O            1   0.203   0.924  Inst_reg/mux52_9 (Inst_reg/mux52_9)
     LUT6:I1->O            2   0.203   0.721  Inst_reg/mux52_3 (Inst_reg/mux52_3)
     LUT6:I4->O           18   0.203   1.414  Inst_mux32_ALU/Mmux_s211 (sal_mult_alu<28>)
     LUT6:I0->O            8   0.203   0.803  Inst_alu/Sh1221 (Inst_alu/Sh122)
     LUT6:I5->O            3   0.205   0.755  Inst_alu/Sh24211 (Inst_alu/Sh2421)
     LUT6:I4->O            1   0.203   0.580  Inst_alu/Mmux_s_mux104 (Inst_alu/Mmux_s_mux103)
     LUT6:I5->O            4   0.205   0.931  Inst_alu/Mmux_s_mux108 (salida_alu<18>)
     LUT6:I2->O           10   0.203   0.857  Inst_md_io/Inst_decodificador/csMem<31>1_SW0 (N396)
     LUT6:I5->O           16   0.205   1.005  Inst_md_io/Inst_decodificador/csMem<31>3_1 (Inst_md_io/Inst_decodificador/csMem<31>3)
     LUT4:I3->O           17   0.205   1.256  Inst_mux32_lui/Mmux_s1021 (Inst_mux32_lui/Mmux_s102)
     LUT6:I3->O           16   0.205   0.000  Inst_mux32_lui/Mmux_s35 (escribe_reg<10>)
     FDE:D                     0.102          Inst_reg/reg_1_10
    ----------------------------------------
    Total                     15.848ns (3.134ns logic, 12.714ns route)
                                       (19.8% logic, 80.2% route)

=========================================================================
Timing constraint: Default OFFSET IN BEFORE for Clock 'Inst_divisorCLK/tmp'
  Total number of paths / destination ports: 222 / 221
-------------------------------------------------------------------------
Offset:              4.282ns (Levels of Logic = 4)
  Source:            sw<1> (PAD)
  Destination:       Inst_reg/reg_0_3 (FF)
  Destination Clock: Inst_divisorCLK/tmp rising

  Data Path: sw<1> to Inst_reg/reg_0_3
                                Gate     Net
    Cell:in->out      fanout   Delay   Delay  Logical Name (Net Name)
    ----------------------------------------  ------------
     IBUF:I->O             1   1.222   0.944  sw_1_IBUF (sw_1_IBUF)
     LUT6:I0->O            1   0.203   0.684  Inst_md_io/Inst_decodificador/csEntrada<31>18_SW0 (N810)
     LUT6:I4->O            2   0.203   0.721  Inst_mux32_lui/Mmux_s461_G (N748)
     LUT6:I4->O           16   0.203   0.000  Inst_mux32_lui/Mmux_s467 (escribe_reg<3>)
     FDE:D                     0.102          Inst_reg/reg_1_3
    ----------------------------------------
    Total                      4.282ns (1.933ns logic, 2.349ns route)
                                       (45.1% logic, 54.9% route)

=========================================================================
Timing constraint: Default OFFSET OUT AFTER for Clock 'Inst_divisorCLK/tmp'
  Total number of paths / destination ports: 11 / 9
-------------------------------------------------------------------------
Offset:              5.164ns (Levels of Logic = 2)
  Source:            inst_prog/inst_uart_tx/state_FSM_FFd2 (FF)
  Destination:       tx (PAD)
  Source Clock:      Inst_divisorCLK/tmp rising

  Data Path: inst_prog/inst_uart_tx/state_FSM_FFd2 to tx
                                Gate     Net
    Cell:in->out      fanout   Delay   Delay  Logical Name (Net Name)
    ----------------------------------------  ------------
     FDR:C->Q             22   0.447   1.362  inst_prog/inst_uart_tx/state_FSM_FFd2 (inst_prog/inst_uart_tx/state_FSM_FFd2)
     LUT3:I0->O            1   0.205   0.579  inst_prog/inst_uart_tx/tx1 (tx_OBUF)
     OBUF:I->O                 2.571          tx_OBUF (tx)
    ----------------------------------------
    Total                      5.164ns (3.223ns logic, 1.941ns route)
                                       (62.4% logic, 37.6% route)

=========================================================================
Timing constraint: Default OFFSET OUT AFTER for Clock 'Inst_divCLK100a50/tmp'
  Total number of paths / destination ports: 5 / 5
-------------------------------------------------------------------------
Offset:              3.668ns (Levels of Logic = 1)
  Source:            Inst_md_io/Inst_vga_controlador/Inst_generador_hsync/hsync_aux (FF)
  Destination:       hsync (PAD)
  Source Clock:      Inst_divCLK100a50/tmp rising

  Data Path: Inst_md_io/Inst_vga_controlador/Inst_generador_hsync/hsync_aux to hsync
                                Gate     Net
    Cell:in->out      fanout   Delay   Delay  Logical Name (Net Name)
    ----------------------------------------  ------------
     FDPE:C->Q             3   0.447   0.650  Inst_md_io/Inst_vga_controlador/Inst_generador_hsync/hsync_aux (Inst_md_io/Inst_vga_controlador/Inst_generador_hsync/hsync_aux)
     OBUF:I->O                 2.571          hsync_OBUF (hsync)
    ----------------------------------------
    Total                      3.668ns (3.018ns logic, 0.650ns route)
                                       (82.3% logic, 17.7% route)

=========================================================================

Cross Clock Domains Report:
--------------------------

Clock to Setup on destination clock Inst_divCLK100a50/tmp
---------------------+---------+---------+---------+---------+
                     | Src:Rise| Src:Fall| Src:Rise| Src:Fall|
Source Clock         |Dest:Rise|Dest:Rise|Dest:Fall|Dest:Fall|
---------------------+---------+---------+---------+---------+
Inst_divCLK100a50/tmp|    5.912|         |         |         |
Inst_divisorCLK/tmp  |    4.185|         |         |         |
reset                |         |    6.500|         |         |
---------------------+---------+---------+---------+---------+

Clock to Setup on destination clock Inst_divisorCLK/tmp
-------------------+---------+---------+---------+---------+
                   | Src:Rise| Src:Fall| Src:Rise| Src:Fall|
Source Clock       |Dest:Rise|Dest:Rise|Dest:Fall|Dest:Fall|
-------------------+---------+---------+---------+---------+
Inst_divisorCLK/tmp|   15.918|         |         |         |
-------------------+---------+---------+---------+---------+

Clock to Setup on destination clock clk100mhz
---------------+---------+---------+---------+---------+
               | Src:Rise| Src:Fall| Src:Rise| Src:Fall|
Source Clock   |Dest:Rise|Dest:Rise|Dest:Fall|Dest:Fall|
---------------+---------+---------+---------+---------+
clk100mhz      |    1.913|         |         |         |
---------------+---------+---------+---------+---------+

=========================================================================


Total REAL time to Xst completion: 85.00 secs
Total CPU time to Xst completion: 81.26 secs
 
--> 


Total memory usage is 409676 kilobytes

Number of errors   :    0 (   0 filtered)
Number of warnings :    7 (   0 filtered)
Number of infos    :    9 (   0 filtered)

