Release 14.7 - WebTalk (P.20131013)
Copyright (c) 1995-2010 Xilinx, Inc.  All rights reserved.

Project Information
--------------------
ProjectID=3F428AF15053CE4A9F398F4B1D7EE18A
<<<<<<< HEAD
ProjectIteration=29
=======
ProjectIteration=11
>>>>>>> fd4f01c5254a38cf4d991e6a65bef431036ebc3b

WebTalk Summary
----------------
INFO:WebTalk:1 - WebTalk is enabled because you are using a WebPACK license.

INFO:WebTalk:8 - WebTalk Install setting is ON.
INFO:WebTalk:6 - WebTalk User setting is ON.

<<<<<<< HEAD
INFO:WebTalk:5 - /home/maxi/Documentos/GitHub/BlockBreaker_SD2/VHDL_MIPS_VGA/usage_statistics_webtalk.html WebTalk report has not been sent to Xilinx.  Please check your network and proxy settings.  For additional details about this file, please refer to the WebTalk help file at /opt/Xilinx/14.7/ISE_DS/ISE/data/reports/webtalk_introduction.html
=======
INFO:WebTalk:5 - /home/maxi/Documentos/GitHub/BlockBreaker_SD2/VHDL_MIPS_VGA/usage_statistics_webtalk.html WebTalk report has not been sent to Xilinx.  Please check your network and proxy settings.  For additional details about this file, please refer to the WebTalk help file at /media/Programas/Aplicaciones/Linux/Xilinx/14.7/ISE_DS/ISE/data/reports/webtalk_introduction.html
>>>>>>> fd4f01c5254a38cf4d991e6a65bef431036ebc3b
