Command line:
   divisorCLK_isim_beh.exe
     -simmode  gui
     -simrunnum  0
     -socket  60742

Wed Oct 05 13:41:17 2022


 Elaboration Time: 0.03125 sec

 Current Memory Usage: 5150.27 Meg

 Total Signals          : 3
 Total Nets             : 3
 Total Signal Drivers   : 2
 Total Blocks           : 2
 Total Primitive Blocks : 2
 Total Processes        : 2
 Total Traceable Variables  : 8
 Total Scalar Nets and Variables : 363
Total Line Count : 3

 Total Simulation Time: 0.046875 sec

 Current Memory Usage: 5150.27 Meg

Wed Oct 05 13:41:28 2022

